<?xml version="1.0" encoding="UTF-8"?>
<!-- Generated by org.testng.reporters.JUnitReportReporter -->
<testsuite hostname="LAPTOP-D43U538Q" failures="0" tests="1" name="testCases.registerFunctionality.TC_RF_003_RegisterWithAllFields" time="1.722" errors="0" timestamp="2025-02-25T13:39:59 IST" skipped="0">
  <testcase classname="testCases.registerFunctionality.TC_RF_003_RegisterWithAllFields" name="registerWithAllFields" time="1.722"/>
</testsuite> <!-- testCases.registerFunctionality.TC_RF_003_RegisterWithAllFields -->
