<?xml version="1.0" encoding="UTF-8"?>
<!-- Generated by org.testng.reporters.JUnitReportReporter -->
<testsuite hostname="LAPTOP-D43U538Q" failures="0" tests="1" name="testCases.T001_AccountRegistrationTest" time="1.780" errors="0" timestamp="2025-02-07T13:32:27 IST" skipped="0">
  <testcase classname="testCases.T001_AccountRegistrationTest" name="verifyAccountRegistration" time="1.780"/>
</testsuite> <!-- testCases.T001_AccountRegistrationTest -->
