<?xml version="1.0" encoding="UTF-8"?>
<!-- Generated by org.testng.reporters.JUnitReportReporter -->
<testsuite hostname="LAPTOP-D43U538Q" failures="0" tests="1" name="testCases.registerFunctionality.TC_RF_006_RegisterWithOnlyMandatoryFields" time="1.788" errors="0" timestamp="2025-02-25T12:21:48 IST" skipped="0">
  <testcase classname="testCases.registerFunctionality.TC_RF_006_RegisterWithOnlyMandatoryFields" name="verifyAccRegWithOnlyMandatoryFields" time="1.788"/>
</testsuite> <!-- testCases.registerFunctionality.TC_RF_006_RegisterWithOnlyMandatoryFields -->
