<?xml version="1.0" encoding="UTF-8"?>
<!-- Generated by org.testng.reporters.JUnitReportReporter -->
<testsuite hostname="LAPTOP-D43U538Q" failures="0" tests="1" name="testCases.registerFunctionality.TC006_RegisterWithOnlyMandatoryFields" time="1.769" errors="0" timestamp="2025-02-24T20:55:16 IST" skipped="0">
  <testcase classname="testCases.registerFunctionality.TC006_RegisterWithOnlyMandatoryFields" name="verifyAccRegWithOnlyMandatoryFields" time="1.769"/>
</testsuite> <!-- testCases.registerFunctionality.TC006_RegisterWithOnlyMandatoryFields -->
