<?xml version="1.0" encoding="UTF-8"?>
<!-- Generated by org.testng.reporters.JUnitReportReporter -->
<testsuite hostname="LAPTOP-D43U538Q" failures="0" tests="1" name="testCases.TC004_SearchProductTest" time="7.331" errors="0" timestamp="2025-02-19T19:11:50 IST" skipped="0">
  <testcase classname="testCases.TC004_SearchProductTest" name="verifySearchProductFunctionality" time="7.331"/>
</testsuite> <!-- testCases.TC004_SearchProductTest -->
