<?xml version="1.0" encoding="UTF-8"?>
<!-- Generated by org.testng.reporters.JUnitReportReporter -->
<testsuite hostname="LAPTOP-D43U538Q" failures="0" tests="1" name="testCases.TC002_LoginTest" time="1.702" errors="0" timestamp="2025-02-19T00:21:21 IST" skipped="0">
  <testcase classname="testCases.TC002_LoginTest" name="verifyLoginFunctionality" time="1.702"/>
</testsuite> <!-- testCases.TC002_LoginTest -->
