<?xml version="1.0" encoding="UTF-8"?>
<!-- Generated by org.testng.reporters.JUnitReportReporter -->
<testsuite hostname="LAPTOP-D43U538Q" failures="0" tests="1" name="testCases.TC001_AccountRegistrationTest" time="1.603" errors="0" timestamp="2025-02-25T12:28:51 IST" skipped="0">
  <testcase classname="testCases.TC001_AccountRegistrationTest" name="verifyAccountRegistration" time="1.603"/>
</testsuite> <!-- testCases.TC001_AccountRegistrationTest -->
